Comparison distance is: 1
SysEvo from 1.0.01.0.0_acdc_clustered.rsf to 1.1.01.1.0_acdc_clustered.rsf: 96.9718309859155
SysEvo from 1.1.01.1.0_acdc_clustered.rsf to 1.2.01.2.0_acdc_clustered.rsf: 95.64917127071824
SysEvo from 1.2.01.2.0_acdc_clustered.rsf to 1.3.01.3.0_acdc_clustered.rsf: 91.68831168831169
SysEvo from 1.3.01.3.0_acdc_clustered.rsf to 1.4.01.4.0_acdc_clustered.rsf: 93.82192610539067
SysEvo from 1.4.01.4.0_acdc_clustered.rsf to 1.5.01.5.0_acdc_clustered.rsf: 95.1934349355217
SysEvo from 1.5.01.5.0_acdc_clustered.rsf to 1.6.01.6.0_acdc_clustered.rsf: 93.22598556357579
SysEvo from 1.6.01.6.0_acdc_clustered.rsf to 1.6.11.6.1_acdc_clustered.rsf: 100.0
SysEvo from 1.6.11.6.1_acdc_clustered.rsf to 1.7.01.7.0_acdc_clustered.rsf: 95.56025369978857
SysEvo from 1.7.01.7.0_acdc_clustered.rsf to 1.7.11.7.1_acdc_clustered.rsf: 100.0
SysEvo from 1.7.11.7.1_acdc_clustered.rsf to 2.0.02.0.0_acdc_clustered.rsf: 93.64364364364364
SysEvo from 2.0.02.0.0_acdc_clustered.rsf to 2.1.02.1.0_acdc_clustered.rsf: 93.59214218896165
SysEvo from 2.1.02.1.0_acdc_clustered.rsf to 2.2.02.2.0_acdc_clustered.rsf: 98.63760217983652
DescriptiveStatistics:
n: 12
min: 91.68831168831169
max: 100.0
mean: 95.66535852180533
std dev: 2.7287126352505786
median: 95.37684431765513
skewness: 0.4854368057798272
kurtosis: -0.8518025990819655


