Comparison distance is: 1
SysEvo from clustersrelease-0.1.0_acdc_clustered.rsf to clustersrelease-0.1.1_acdc_clustered.rsf: 99.75490196078431
SysEvo from clustersrelease-0.1.1_acdc_clustered.rsf to clustersrelease-0.2.0_acdc_clustered.rsf: 85.50408719346049
SysEvo from clustersrelease-0.2.0_acdc_clustered.rsf to clustersrelease-0.2.1_acdc_clustered.rsf: 99.90186457311088
SysEvo from clustersrelease-0.2.1_acdc_clustered.rsf to clustersrelease-0.3.0_acdc_clustered.rsf: 93.6241610738255
SysEvo from clustersrelease-0.3.0_acdc_clustered.rsf to clustersrelease-0.3.2_acdc_clustered.rsf: 99.48501872659176
SysEvo from clustersrelease-0.3.2_acdc_clustered.rsf to clustersrelease-0.4.0_acdc_clustered.rsf: 96.05504587155963
SysEvo from clustersrelease-0.4.0_acdc_clustered.rsf to clustersrelease-0.5.0_acdc_clustered.rsf: 88.37792642140468
SysEvo from clustersrelease-0.5.0_acdc_clustered.rsf to clustersrelease-0.6.0_acdc_clustered.rsf: 93.64358683314416
SysEvo from clustersrelease-0.6.0_acdc_clustered.rsf to clustersrelease-0.6.1_acdc_clustered.rsf: 100.0
SysEvo from clustersrelease-0.6.1_acdc_clustered.rsf to clustersrelease-0.6.2_acdc_clustered.rsf: 100.0
SysEvo from clustersrelease-0.6.2_acdc_clustered.rsf to clustersrelease-0.7.0_acdc_clustered.rsf: 93.85101897399859
SysEvo from clustersrelease-0.7.0_acdc_clustered.rsf to clustersrelease-0.7.1_acdc_clustered.rsf: 99.93261455525607
SysEvo from clustersrelease-0.7.1_acdc_clustered.rsf to clustersrelease-0.8.0_acdc_clustered.rsf: 98.062792251169
SysEvo from clustersrelease-0.8.0_acdc_clustered.rsf to clustersrelease-0.9.0_acdc_clustered.rsf: 95.35796011768551
SysEvo from clustersrelease-0.9.0_acdc_clustered.rsf to clustersrelease-0.9.1_acdc_clustered.rsf: 99.90316333118142
SysEvo from clustersrelease-0.9.1_acdc_clustered.rsf to clustersrelease-0.9.2_acdc_clustered.rsf: 99.38985228002569
SysEvo from clustersrelease-0.9.2_acdc_clustered.rsf to clustersrelease-0.10.0_acdc_clustered.rsf: 96.09181141439205
SysEvo from clustersrelease-0.10.0_acdc_clustered.rsf to clustersrelease-0.10.1_acdc_clustered.rsf: 99.24969987995198
SysEvo from clustersrelease-0.10.1_acdc_clustered.rsf to clustersrelease-0.11.0_acdc_clustered.rsf: 99.94022713687986
SysEvo from clustersrelease-0.11.0_acdc_clustered.rsf to clustersrelease-0.11.1_acdc_clustered.rsf: 95.78365804012793
SysEvo from clustersrelease-0.11.1_acdc_clustered.rsf to clustersrelease-0.11.2_acdc_clustered.rsf: 99.94337485843715
SysEvo from clustersrelease-0.11.2_acdc_clustered.rsf to clustersrelease-0.12.0_acdc_clustered.rsf: 91.31138694009714
SysEvo from clustersrelease-0.12.0_acdc_clustered.rsf to clustersrelease-0.12.1_acdc_clustered.rsf: 97.88768675940237
SysEvo from clustersrelease-0.12.1_acdc_clustered.rsf to clustersrelease-0.12.3_acdc_clustered.rsf: 99.97425334706487
SysEvo from clustersrelease-0.12.3_acdc_clustered.rsf to clustersrelease-0.13.0_acdc_clustered.rsf: 88.91554702495202
SysEvo from clustersrelease-0.13.0_acdc_clustered.rsf to clustersrelease-0.13.1_acdc_clustered.rsf: 99.8651988317232
SysEvo from clustersrelease-0.13.1_acdc_clustered.rsf to clustersrelease-0.14.0_acdc_clustered.rsf: 88.1769326167838
SysEvo from clustersrelease-0.14.0_acdc_clustered.rsf to clustersrelease-0.14.1_acdc_clustered.rsf: 100.0
SysEvo from clustersrelease-0.14.1_acdc_clustered.rsf to clustersrelease-0.14.2_acdc_clustered.rsf: 99.96174445294568
SysEvo from clustersrelease-0.14.2_acdc_clustered.rsf to clustersrelease-0.14.3_acdc_clustered.rsf: 100.0
SysEvo from clustersrelease-0.14.3_acdc_clustered.rsf to clustersrelease-0.14.4_acdc_clustered.rsf: 100.0
SysEvo from clustersrelease-0.14.4_acdc_clustered.rsf to clustersrelease-0.15.0_acdc_clustered.rsf: 91.77330895795247
SysEvo from clustersrelease-0.15.0_acdc_clustered.rsf to clustersrelease-0.15.1_acdc_clustered.rsf: 100.0
SysEvo from clustersrelease-0.15.1_acdc_clustered.rsf to clustersrelease-0.15.2_acdc_clustered.rsf: 99.96498599439776
SysEvo from clustersrelease-0.15.2_acdc_clustered.rsf to clustersrelease-0.15.3_acdc_clustered.rsf: 99.91248030806932
SysEvo from clustersrelease-0.15.3_acdc_clustered.rsf to clustersrelease-0.16.0_acdc_clustered.rsf: 82.15178013741411
SysEvo from clustersrelease-0.16.0_acdc_clustered.rsf to clustersrelease-0.16.1_acdc_clustered.rsf: 99.64858026426764
SysEvo from clustersrelease-0.16.1_acdc_clustered.rsf to clustersrelease-0.16.2_acdc_clustered.rsf: 84.61906279885241
SysEvo from clustersrelease-0.16.2_acdc_clustered.rsf to clustersrelease-0.16.3_acdc_clustered.rsf: 99.96308600959763
SysEvo from clustersrelease-0.16.3_acdc_clustered.rsf to clustersrelease-0.16.4_acdc_clustered.rsf: 99.90773205388447
SysEvo from clustersrelease-0.16.4_acdc_clustered.rsf to clustersrelease-0.17.0_acdc_clustered.rsf: 92.6087716232745
SysEvo from clustersrelease-0.17.0_acdc_clustered.rsf to clustersrelease-0.17.1_acdc_clustered.rsf: 100.0
SysEvo from clustersrelease-0.17.1_acdc_clustered.rsf to clustersrelease-0.17.2_acdc_clustered.rsf: 99.86726397876224
SysEvo from clustersrelease-0.17.2_acdc_clustered.rsf to clustersrelease-0.18.0_acdc_clustered.rsf: 93.25133516750283
SysEvo from clustersrelease-0.18.0_acdc_clustered.rsf to clustersrelease-0.18.1_acdc_clustered.rsf: 99.90525817148271
SysEvo from clustersrelease-0.18.1_acdc_clustered.rsf to clustersrelease-0.18.2_acdc_clustered.rsf: 99.93684875276287
SysEvo from clustersrelease-0.18.2_acdc_clustered.rsf to clustersrelease-0.18.3_acdc_clustered.rsf: 99.29033275508596
SysEvo from clustersrelease-0.18.3_acdc_clustered.rsf to clustersrelease-0.19.0_acdc_clustered.rsf: 56.987698104843176
SysEvo from clustersrelease-0.19.0_acdc_clustered.rsf to clustersrelease-0.19.1_acdc_clustered.rsf: 99.65855740503628
SysEvo from clustersrelease-0.19.1_acdc_clustered.rsf to clustersrelease-0.19.2_acdc_clustered.rsf: 99.87217724755007
SysEvo from clustersrelease-0.19.2_acdc_clustered.rsf to clustersrelease-0.20.0_acdc_clustered.rsf: 71.0481529682651
SysEvo from clustersrelease-0.20.0_acdc_clustered.rsf to clustersrelease-0.20.1_acdc_clustered.rsf: 97.25189007560301
SysEvo from clustersrelease-0.20.1_acdc_clustered.rsf to clustersrelease-0.20.2_acdc_clustered.rsf: 99.7864768683274
SysEvo from clustersrelease-0.20.2_acdc_clustered.rsf to clustersrelease-0.20.203.0_acdc_clustered.rsf: 77.66508188061279
SysEvo from clustersrelease-0.20.203.0_acdc_clustered.rsf to clustersrelease-0.20.204.0_acdc_clustered.rsf: 99.37428896473264
SysEvo from clustersrelease-0.20.204.0_acdc_clustered.rsf to clustersrelease-0.20.205.0_acdc_clustered.rsf: 95.03235803481907
SysEvo from clustersrelease-0.20.205.0_acdc_clustered.rsf to clustersrelease-1.0.0_acdc_clustered.rsf: 99.4550887677975
SysEvo from clustersrelease-1.0.0_acdc_clustered.rsf to clustersrelease-1.0.1_acdc_clustered.rsf: 97.79405428694528
SysEvo from clustersrelease-1.0.1_acdc_clustered.rsf to clustersrelease-1.0.2_acdc_clustered.rsf: 92.6242026772078
SysEvo from clustersrelease-1.0.2_acdc_clustered.rsf to clustersrelease-1.0.3_acdc_clustered.rsf: 99.56039755351682
SysEvo from clustersrelease-1.0.3_acdc_clustered.rsf to clustersrelease-1.1.0_acdc_clustered.rsf: 98.77539396240745
SysEvo from clustersrelease-1.1.0_acdc_clustered.rsf to clustersrelease-1.1.1_acdc_clustered.rsf: 99.76452858622963
SysEvo from clustersrelease-1.1.1_acdc_clustered.rsf to clustersrelease-1.1.2_acdc_clustered.rsf: 99.8589562764457
SysEvo from clustersrelease-1.1.2_acdc_clustered.rsf to clustersrelease-1.2.0_acdc_clustered.rsf: 97.85423603403626
SysEvo from clustersrelease-1.2.0_acdc_clustered.rsf to clustersrelease-1.2.1_acdc_clustered.rsf: 99.89076012744653
DescriptiveStatistics:
n: 65
min: 56.987698104843176
max: 100.0
mean: 95.76924065017054
std dev: 7.632139364776452
median: 99.4550887677975
skewness: -3.0190000318367636
kurtosis: 11.134918632127116


