Comparison distance is: 1
SysEvo from 4.2.14.2.1_acdc_clustered.rsf to 4.2.24.2.2_acdc_clustered.rsf: 99.61038961038962
SysEvo from 4.2.24.2.2_acdc_clustered.rsf to 4.2.34.2.3_acdc_clustered.rsf: 99.13344887348353
SysEvo from 4.2.34.2.3_acdc_clustered.rsf to 4.2.44.2.4_acdc_clustered.rsf: 99.6524761077324
SysEvo from 4.2.44.2.4_acdc_clustered.rsf to 4.2.54.2.5_acdc_clustered.rsf: 99.86956521739131
SysEvo from 4.2.54.2.5_acdc_clustered.rsf to 4.2.64.2.6_acdc_clustered.rsf: 99.95655951346654
SysEvo from 4.2.64.2.6_acdc_clustered.rsf to 4.2.551.914.2.551.91_acdc_clustered.rsf: 94.72295514511873
SysEvo from 4.2.551.914.2.551.91_acdc_clustered.rsf to 4.2.661.914.2.661.91_acdc_clustered.rsf: 98.41129744042365
SysEvo from 4.2.661.914.2.661.91_acdc_clustered.rsf to 4.2.3934.2.393_acdc_clustered.rsf: 96.68989547038328
SysEvo from 4.2.3934.2.393_acdc_clustered.rsf to 4.2.5514.2.551_acdc_clustered.rsf: 95.12302284710017
SysEvo from 4.2.5514.2.551_acdc_clustered.rsf to 4.2.6614.2.661_acdc_clustered.rsf: 98.41129744042365
SysEvo from 4.2.6614.2.661_acdc_clustered.rsf to 4.24.2_acdc_clustered.rsf: 98.56146469049695
DescriptiveStatistics:
n: 11
min: 94.72295514511873
max: 99.95655951346654
mean: 98.19476112330999
std dev: 1.868177049511585
median: 98.56146469049695
skewness: -1.0730141799241386
kurtosis: -0.15890348471351867


