Comparison distance is: 1
SysEvo from 4.0.2.914.0.2.91_acdc_clustered.rsf to 4.0.2.924.0.2.92_acdc_clustered.rsf: 100.0
SysEvo from 4.0.2.924.0.2.92_acdc_clustered.rsf to 4.0.3.914.0.3.91_acdc_clustered.rsf: 99.88839285714286
SysEvo from 4.0.3.914.0.3.91_acdc_clustered.rsf to 4.0.14.0.1_acdc_clustered.rsf: 98.99441340782123
SysEvo from 4.0.14.0.1_acdc_clustered.rsf to 4.0.24.0.2_acdc_clustered.rsf: 98.88268156424581
SysEvo from 4.0.24.0.2_acdc_clustered.rsf to 4.0.34.0.3_acdc_clustered.rsf: 99.88839285714286
SysEvo from 4.0.34.0.3_acdc_clustered.rsf to 4.0.2934.0.293_acdc_clustered.rsf: 100.0
SysEvo from 4.0.2934.0.293_acdc_clustered.rsf to 4.0.5514.0.551_acdc_clustered.rsf: 62.903225806451616
SysEvo from 4.0.5514.0.551_acdc_clustered.rsf to 4.0.5524.0.552_acdc_clustered.rsf: 81.0077519379845
SysEvo from 4.0.5524.0.552_acdc_clustered.rsf to 4.0.5534.0.553_acdc_clustered.rsf: 91.47609147609148
SysEvo from 4.0.5534.0.553_acdc_clustered.rsf to 4.0.5544.0.554_acdc_clustered.rsf: 92.79161205766711
SysEvo from 4.0.5544.0.554_acdc_clustered.rsf to 4.0.6614.0.661_acdc_clustered.rsf: 91.64142943670502
SysEvo from 4.0.6614.0.661_acdc_clustered.rsf to 4.0.6624.0.662_acdc_clustered.rsf: 99.59770114942529
SysEvo from 4.0.6624.0.662_acdc_clustered.rsf to 4.1-siteupdate4.1-siteupdate_acdc_clustered.rsf: 89.0302066772655
SysEvo from 4.1-siteupdate4.1-siteupdate_acdc_clustered.rsf to 4.1.1.914.1.1.91_acdc_clustered.rsf: 99.65652600588813
SysEvo from 4.1.1.914.1.1.91_acdc_clustered.rsf to 4.1.2.914.1.2.91_acdc_clustered.rsf: 99.90215264187867
SysEvo from 4.1.2.914.1.2.91_acdc_clustered.rsf to 4.1.2.924.1.2.92_acdc_clustered.rsf: 100.0
SysEvo from 4.1.2.924.1.2.92_acdc_clustered.rsf to 4.1.3.914.1.3.91_acdc_clustered.rsf: 99.95112414467253
SysEvo from 4.1.3.914.1.3.91_acdc_clustered.rsf to 4.1.14.1.1_acdc_clustered.rsf: 99.85322896281801
SysEvo from 4.1.14.1.1_acdc_clustered.rsf to 4.1.24.1.2_acdc_clustered.rsf: 99.90215264187867
SysEvo from 4.1.24.1.2_acdc_clustered.rsf to 4.1.34.1.3_acdc_clustered.rsf: 99.95112414467253
SysEvo from 4.1.34.1.3_acdc_clustered.rsf to 4.1.661.914.1.661.91_acdc_clustered.rsf: 98.32841691248771
SysEvo from 4.1.661.914.1.661.91_acdc_clustered.rsf to 4.1.661.924.1.661.92_acdc_clustered.rsf: 100.0
SysEvo from 4.1.661.924.1.661.92_acdc_clustered.rsf to 4.1.914.1.91_acdc_clustered.rsf: 98.76725838264299
SysEvo from 4.1.914.1.91_acdc_clustered.rsf to 4.1.924.1.92_acdc_clustered.rsf: 100.0
SysEvo from 4.1.924.1.92_acdc_clustered.rsf to 4.1.5514.1.551_acdc_clustered.rsf: 94.11466260781329
SysEvo from 4.1.5514.1.551_acdc_clustered.rsf to 4.1.5524.1.552_acdc_clustered.rsf: 97.67441860465115
SysEvo from 4.1.5524.1.552_acdc_clustered.rsf to 4.1.6614.1.661_acdc_clustered.rsf: 97.59036144578313
SysEvo from 4.1.6614.1.661_acdc_clustered.rsf to 4.2.1.914.2.1.91_acdc_clustered.rsf: 88.64265927977839
SysEvo from 4.2.1.914.2.1.91_acdc_clustered.rsf to 4.2.2.914.2.2.91_acdc_clustered.rsf: 99.61038961038962
SysEvo from 4.2.2.914.2.2.91_acdc_clustered.rsf to 4.2.3.914.2.3.91_acdc_clustered.rsf: 99.13344887348353
SysEvo from 4.2.3.914.2.3.91_acdc_clustered.rsf to 4.2.3.924.2.3.92_acdc_clustered.rsf: 100.0
SysEvo from 4.2.3.924.2.3.92_acdc_clustered.rsf to 4.2.4.914.2.4.91_acdc_clustered.rsf: 99.6524761077324
SysEvo from 4.2.4.914.2.4.91_acdc_clustered.rsf to 4.2.5.914.2.5.91_acdc_clustered.rsf: 99.86956521739131
SysEvo from 4.2.5.914.2.5.91_acdc_clustered.rsf to 4.2.6.914.2.6.91_acdc_clustered.rsf: 99.95655951346654
SysEvo from 4.2.6.914.2.6.91_acdc_clustered.rsf to 4.2.6.924.2.6.92_acdc_clustered.rsf: 100.0
SysEvo from 4.2.6.924.2.6.92_acdc_clustered.rsf to 4.2.14.2.1_acdc_clustered.rsf: 98.30875975715526
SysEvo from 4.2.14.2.1_acdc_clustered.rsf to 4.2.24.2.2_acdc_clustered.rsf: 99.61038961038962
SysEvo from 4.2.24.2.2_acdc_clustered.rsf to 4.2.34.2.3_acdc_clustered.rsf: 99.13344887348353
SysEvo from 4.2.34.2.3_acdc_clustered.rsf to 4.2.44.2.4_acdc_clustered.rsf: 99.6524761077324
SysEvo from 4.2.44.2.4_acdc_clustered.rsf to 4.2.54.2.5_acdc_clustered.rsf: 99.86956521739131
SysEvo from 4.2.54.2.5_acdc_clustered.rsf to 4.2.64.2.6_acdc_clustered.rsf: 99.95655951346654
SysEvo from 4.2.64.2.6_acdc_clustered.rsf to 4.2.551.914.2.551.91_acdc_clustered.rsf: 94.72295514511873
SysEvo from 4.2.551.914.2.551.91_acdc_clustered.rsf to 4.2.661.914.2.661.91_acdc_clustered.rsf: 98.41129744042365
SysEvo from 4.2.661.914.2.661.91_acdc_clustered.rsf to 4.2.914.2.91_acdc_clustered.rsf: 98.64746945898779
SysEvo from 4.2.914.2.91_acdc_clustered.rsf to 4.2.924.2.92_acdc_clustered.rsf: 99.91304347826086
SysEvo from 4.2.924.2.92_acdc_clustered.rsf to 4.2.3934.2.393_acdc_clustered.rsf: 98.13368055555556
SysEvo from 4.2.3934.2.393_acdc_clustered.rsf to 4.2.5514.2.551_acdc_clustered.rsf: 95.12302284710017
SysEvo from 4.2.5514.2.551_acdc_clustered.rsf to 4.2.6614.2.661_acdc_clustered.rsf: 98.41129744042365
SysEvo from 4.2.6614.2.661_acdc_clustered.rsf to 4.3.1.914.3.1.91_acdc_clustered.rsf: 82.13870592793491
SysEvo from 4.3.1.914.3.1.91_acdc_clustered.rsf to 4.3.1.924.3.1.92_acdc_clustered.rsf: 100.0
SysEvo from 4.3.1.924.3.1.92_acdc_clustered.rsf to 4.3.2.914.3.2.91_acdc_clustered.rsf: 99.75711311589174
SysEvo from 4.3.2.914.3.2.91_acdc_clustered.rsf to 4.3.3.914.3.3.91_acdc_clustered.rsf: 99.8961937716263
SysEvo from 4.3.3.914.3.3.91_acdc_clustered.rsf to 4.3.4.914.3.4.91_acdc_clustered.rsf: 98.78976486860304
SysEvo from 4.3.4.914.3.4.91_acdc_clustered.rsf to 4.3.5.914.3.5.91_acdc_clustered.rsf: 99.51823812801102
SysEvo from 4.3.5.914.3.5.91_acdc_clustered.rsf to 4.3.6.914.3.6.91_acdc_clustered.rsf: 99.82900136798905
SysEvo from 4.3.6.914.3.6.91_acdc_clustered.rsf to 4.3.14.3.1_acdc_clustered.rsf: 97.82908339076499
SysEvo from 4.3.14.3.1_acdc_clustered.rsf to 4.3.24.3.2_acdc_clustered.rsf: 99.75711311589174
SysEvo from 4.3.24.3.2_acdc_clustered.rsf to 4.3.34.3.3_acdc_clustered.rsf: 99.8961937716263
SysEvo from 4.3.34.3.3_acdc_clustered.rsf to 4.3.44.3.4_acdc_clustered.rsf: 98.78976486860304
SysEvo from 4.3.44.3.4_acdc_clustered.rsf to 4.3.54.3.5_acdc_clustered.rsf: 99.51823812801102
SysEvo from 4.3.54.3.5_acdc_clustered.rsf to 4.3.64.3.6_acdc_clustered.rsf: 99.82900136798905
SysEvo from 4.3.64.3.6_acdc_clustered.rsf to 4.3.551.914.3.551.91_acdc_clustered.rsf: 92.9324894514768
SysEvo from 4.3.551.914.3.551.91_acdc_clustered.rsf to 4.3.661.914.3.661.91_acdc_clustered.rsf: 97.12437095614665
SysEvo from 4.3.661.914.3.661.91_acdc_clustered.rsf to 4.3.662.914.3.662.91_acdc_clustered.rsf: 99.00920028308563
SysEvo from 4.3.662.914.3.662.91_acdc_clustered.rsf to 4.3.914.3.91_acdc_clustered.rsf: 98.21802935010481
SysEvo from 4.3.914.3.91_acdc_clustered.rsf to 4.3.5514.3.551_acdc_clustered.rsf: 94.92547906316537
SysEvo from 4.3.5514.3.551_acdc_clustered.rsf to 4.3.6614.3.661_acdc_clustered.rsf: 97.12437095614665
SysEvo from 4.3.6614.3.661_acdc_clustered.rsf to 4.3.6624.3.662_acdc_clustered.rsf: 99.00920028308563
SysEvo from 4.3.6624.3.662_acdc_clustered.rsf to 4.04.0_acdc_clustered.rsf: 68.9071986123157
SysEvo from 4.04.0_acdc_clustered.rsf to 4.4.1.914.4.1.91_acdc_clustered.rsf: 63.87306753458096
SysEvo from 4.4.1.914.4.1.91_acdc_clustered.rsf to 4.4.14.4.1_acdc_clustered.rsf: 100.0
SysEvo from 4.4.14.4.1_acdc_clustered.rsf to 4.4.551.914.4.551.91_acdc_clustered.rsf: 95.01965923984272
SysEvo from 4.4.551.914.4.551.91_acdc_clustered.rsf to 4.4.661.914.4.661.91_acdc_clustered.rsf: 96.6090425531915
SysEvo from 4.4.661.914.4.661.91_acdc_clustered.rsf to 4.4.914.4.91_acdc_clustered.rsf: 97.84427284427284
SysEvo from 4.4.914.4.91_acdc_clustered.rsf to 4.4.924.4.92_acdc_clustered.rsf: 100.0
SysEvo from 4.4.924.4.92_acdc_clustered.rsf to 4.4.5514.4.551_acdc_clustered.rsf: 95.01965923984272
SysEvo from 4.4.5514.4.551_acdc_clustered.rsf to 4.4.6614.4.661_acdc_clustered.rsf: 96.6090425531915
SysEvo from 4.4.6614.4.661_acdc_clustered.rsf to 4.5.1.914.5.1.91_acdc_clustered.rsf: 97.7199743095697
SysEvo from 4.5.1.914.5.1.91_acdc_clustered.rsf to 4.5.14.5.1_acdc_clustered.rsf: 100.0
SysEvo from 4.5.14.5.1_acdc_clustered.rsf to 4.5.914.5.91_acdc_clustered.rsf: 100.0
SysEvo from 4.5.914.5.91_acdc_clustered.rsf to 4.5.924.5.92_acdc_clustered.rsf: 100.0
SysEvo from 4.5.924.5.92_acdc_clustered.rsf to 4.14.1_acdc_clustered.rsf: 70.75798383993843
SysEvo from 4.14.1_acdc_clustered.rsf to 4.24.2_acdc_clustered.rsf: 89.99077490774907
SysEvo from 4.24.2_acdc_clustered.rsf to 4.34.3_acdc_clustered.rsf: 82.92777134028583
SysEvo from 4.34.3_acdc_clustered.rsf to 4.44.4_acdc_clustered.rsf: 92.63437292634373
SysEvo from 4.44.4_acdc_clustered.rsf to 4.54.5_acdc_clustered.rsf: 99.58834705509815
SysEvo from 4.54.5_acdc_clustered.rsf to 4.1934.193_acdc_clustered.rsf: 70.75798383993843
DescriptiveStatistics:
n: 87
min: 62.903225806451616
max: 100.0
mean: 95.7552079624503
std dev: 8.118419981736405
median: 99.00920028308563
skewness: -2.7614902154875156
kurtosis: 7.3015924053358265


