Comparison distance is: 1
SysEvo from clustered0.5.0.3.0_acdc_clustered.rsf to clustered0.6.0.3.0_acdc_clustered.rsf: 91.68975069252078
SysEvo from clustered0.6.0.3.0_acdc_clustered.rsf to clustered0.7.0.3.0_acdc_clustered.rsf: 98.3957219251337
SysEvo from clustered0.7.0.3.0_acdc_clustered.rsf to clustered0.8.0.3.0_acdc_clustered.rsf: 86.79012345679013
SysEvo from clustered0.8.0.3.0_acdc_clustered.rsf to clustered0.9.0.3.0_acdc_clustered.rsf: 99.42528735632183
SysEvo from clustered0.9.0.3.0_acdc_clustered.rsf to clustered1.0.0.3.0_acdc_clustered.rsf: 96.21380846325167
SysEvo from clustered1.0.0.3.0_acdc_clustered.rsf to clustered1.1.0.3.0_acdc_clustered.rsf: 92.9735234215886
SysEvo from clustered1.1.0.3.0_acdc_clustered.rsf to clustered1.2.0.3.0_acdc_clustered.rsf: 98.85714285714286
SysEvo from clustered1.2.0.3.0_acdc_clustered.rsf to clustered1.3.1.3.0_acdc_clustered.rsf: 82.00325732899023
SysEvo from clustered1.3.1.3.0_acdc_clustered.rsf to clustered1.4.0.3.0_acdc_clustered.rsf: 72.28050800662618
SysEvo from clustered1.4.0.3.0_acdc_clustered.rsf to clustered2.0.0.3.0_acdc_clustered.rsf: 29.860573199070483
SysEvo from clustered2.0.0.3.0_acdc_clustered.rsf to clustered2.1.0.3.0_acdc_clustered.rsf: 98.24324324324324
SysEvo from clustered2.1.0.3.0_acdc_clustered.rsf to clustered2.2.0.3.0_acdc_clustered.rsf: 96.62737393582186
SysEvo from clustered2.2.0.3.0_acdc_clustered.rsf to clustered2.3.0.3.0_acdc_clustered.rsf: 84.63018971679956
SysEvo from clustered2.3.0.3.0_acdc_clustered.rsf to clustered2.4.0.2.1_acdc_clustered.rsf: 92.52914584820367
DescriptiveStatistics:
n: 14
min: 29.860573199070483
max: 99.42528735632183
mean: 87.17997496082177
std dev: 18.24793548767531
median: 92.75133463489612
skewness: -2.711267537483189
kurtosis: 8.22629558480589


