Comparison distance is: 1
SysEvo from REL.3.6REL.3.6.acdc.clustered.rsf to REL.3.7.BETA1REL.3.7.BETA1.acdc.clustered.rsf: 94.11877762829137
SysEvo from REL.3.7.BETA1REL.3.7.BETA1.acdc.clustered.rsf to REL.3.7.BETA2REL.3.7.BETA2.acdc.clustered.rsf: 99.83277591973244
SysEvo from REL.3.7.BETA2REL.3.7.BETA2.acdc.clustered.rsf to REL.3.7.BETA3REL.3.7.BETA3.acdc.clustered.rsf: 99.55588452997779
SysEvo from REL.3.7.BETA3REL.3.7.BETA3.acdc.clustered.rsf to REL.3.7REL.3.7.acdc.clustered.rsf: 99.52170713760118
SysEvo from REL.3.7REL.3.7.acdc.clustered.rsf to REL.3.8.BETA1REL.3.8.BETA1.acdc.clustered.rsf: 75.5072463768116
SysEvo from REL.3.8.BETA1REL.3.8.BETA1.acdc.clustered.rsf to REL.3.8.BETA2REL.3.8.BETA2.acdc.clustered.rsf: 99.92846924177397
SysEvo from REL.3.8.BETA2REL.3.8.BETA2.acdc.clustered.rsf to REL.3.8.BETA3REL.3.8.BETA3.acdc.clustered.rsf: 99.09526343799894
SysEvo from REL.3.8.BETA3REL.3.8.BETA3.acdc.clustered.rsf to REL.3.8.BETA4REL.3.8.BETA4.acdc.clustered.rsf: 97.4751871843984
SysEvo from REL.3.8.BETA4REL.3.8.BETA4.acdc.clustered.rsf to REL.3.8.BETA5REL.3.8.BETA5.acdc.clustered.rsf: 98.34414475930352
SysEvo from REL.3.8.BETA5REL.3.8.BETA5.acdc.clustered.rsf to REL.3.8.FINALREL.3.8.FINAL.acdc.clustered.rsf: 99.46037099494099
SysEvo from REL.3.8.FINALREL.3.8.FINAL.acdc.clustered.rsf to REL.3.9REL.3.9.acdc.clustered.rsf: 99.12897822445561
SysEvo from REL.3.9REL.3.9.acdc.clustered.rsf to REL.3.10.BETA1REL.3.10.BETA1.acdc.clustered.rsf: 99.02253147779987
SysEvo from REL.3.10.BETA1REL.3.10.BETA1.acdc.clustered.rsf to REL.3.10.BETA2REL.3.10.BETA2.acdc.clustered.rsf: 99.40867279894874
SysEvo from REL.3.10.BETA2REL.3.10.BETA2.acdc.clustered.rsf to REL.3.10.FINALREL.3.10.FINAL.acdc.clustered.rsf: 97.10496522723598
SysEvo from REL.3.10.FINALREL.3.10.FINAL.acdc.clustered.rsf to REL.3.10.1REL.3.10.1.acdc.clustered.rsf: 99.9681224099458
SysEvo from REL.3.10.1REL.3.10.1.acdc.clustered.rsf to REL.3.11.BETA1REL.3.11.BETA1.acdc.clustered.rsf: 97.63481551561021
SysEvo from REL.3.11.BETA1REL.3.11.BETA1.acdc.clustered.rsf to REL.3.12.FINALREL.3.12.FINAL.acdc.clustered.rsf: 97.32965009208104
SysEvo from REL.3.12.FINALREL.3.12.FINAL.acdc.clustered.rsf to REL.3.13.BETA1REL.3.13.BETA1.acdc.clustered.rsf: 98.28332586953277
SysEvo from REL.3.13.BETA1REL.3.13.BETA1.acdc.clustered.rsf to REL.3.13.FINALREL.3.13.FINAL.acdc.clustered.rsf: 90.17199017199017
DescriptiveStatistics:
n: 19
min: 75.5072463768116
max: 99.9681224099458
mean: 96.88909889465423
std dev: 5.696004268671578
median: 99.02253147779987
skewness: -3.329150785061639
kurtosis: 12.030017820428164


