Comparison distance is: 1
SysEvo from 3.2.0.913.2.0.91_acdc_clustered.rsf to 3.2.0.923.2.0.92_acdc_clustered.rsf: 95.01626016260163
SysEvo from 3.2.0.923.2.0.92_acdc_clustered.rsf to 3.2.9.003.2.9.00_acdc_clustered.rsf: 94.16882857713031
SysEvo from 3.2.9.003.2.9.00_acdc_clustered.rsf to 3.2.10.003.2.10.00_acdc_clustered.rsf: 99.9755938821998
SysEvo from 3.2.10.003.2.10.00_acdc_clustered.rsf to 3.2.11.003.2.11.00_acdc_clustered.rsf: 99.80065093572009
SysEvo from 3.2.11.003.2.11.00_acdc_clustered.rsf to 3.2.12.003.2.12.00_acdc_clustered.rsf: 99.81692432872254
SysEvo from 3.2.12.003.2.12.00_acdc_clustered.rsf to 3.2.13.003.2.13.00_acdc_clustered.rsf: 99.83728592930073
SysEvo from 3.2.13.003.2.13.00_acdc_clustered.rsf to 3.2.14.003.2.14.00_acdc_clustered.rsf: 99.85355137905785
SysEvo from 3.2.14.003.2.14.00_acdc_clustered.rsf to 4.0.0.004.0.0.00_acdc_clustered.rsf: 88.4017474123342
SysEvo from 4.0.0.004.0.0.00_acdc_clustered.rsf to 4.1.0.004.1.0.00_acdc_clustered.rsf: 92.57447429906543
SysEvo from 4.1.0.004.1.0.00_acdc_clustered.rsf to 4.1.0.914.1.0.91_acdc_clustered.rsf: 98.24802110817942
SysEvo from 4.1.0.914.1.0.91_acdc_clustered.rsf to 4.1.0.924.1.0.92_acdc_clustered.rsf: 98.53965796326271
SysEvo from 4.1.0.924.1.0.92_acdc_clustered.rsf to 4.1.1.004.1.1.00_acdc_clustered.rsf: 99.45370500070038
SysEvo from 4.1.1.004.1.1.00_acdc_clustered.rsf to 4.1.2.004.1.2.00_acdc_clustered.rsf: 98.67218186242135
SysEvo from 4.1.2.004.1.2.00_acdc_clustered.rsf to 4.1.3.004.1.3.00_acdc_clustered.rsf: 99.67215377713359
DescriptiveStatistics:
n: 14
min: 88.4017474123342
max: 99.9755938821998
mean: 97.430788329845
std dev: 3.5472531542513144
median: 99.06294343156087
skewness: -1.617534471674926
kurtosis: 2.009848804242133


