Comparison distance is: 1
SysEvo from 0.40.4_acdc_clustered.rsf to 0.50.5_acdc_clustered.rsf: 93.27036599763872
SysEvo from 0.50.5_acdc_clustered.rsf to 0.60.6_acdc_clustered.rsf: 95.51886792452831
SysEvo from 0.60.6_acdc_clustered.rsf to 0.70.7_acdc_clustered.rsf: 94.86581096849474
SysEvo from 0.70.7_acdc_clustered.rsf to 0.80.8_acdc_clustered.rsf: 85.3211009174312
SysEvo from 0.80.8_acdc_clustered.rsf to 0.90.9_acdc_clustered.rsf: 90.55459272097053
SysEvo from 0.90.9_acdc_clustered.rsf to 0.100.10_acdc_clustered.rsf: 85.27881040892194
SysEvo from 0.100.10_acdc_clustered.rsf to 1.01.0_acdc_clustered.rsf: 96.58002735978111
SysEvo from 1.01.0_acdc_clustered.rsf to tika-1.3tika-1.3_acdc_clustered.rsf: 89.44625407166123
SysEvo from tika-1.3tika-1.3_acdc_clustered.rsf to 1.4-rc21.4-rc2_acdc_clustered.rsf: 99.87593052109182
SysEvo from 1.4-rc21.4-rc2_acdc_clustered.rsf to 1.5-rc11.5-rc1_acdc_clustered.rsf: 99.44375772558715
SysEvo from 1.5-rc11.5-rc1_acdc_clustered.rsf to 1.5-rc21.5-rc2_acdc_clustered.rsf: 100.0
SysEvo from 1.5-rc21.5-rc2_acdc_clustered.rsf to 1.6-rc21.6-rc2_acdc_clustered.rsf: 99.02020820575628
SysEvo from 1.6-rc21.6-rc2_acdc_clustered.rsf to 1.7-rc11.7-rc1_acdc_clustered.rsf: 97.8391356542617
SysEvo from 1.7-rc11.7-rc1_acdc_clustered.rsf to 1.7-rc21.7-rc2_acdc_clustered.rsf: 100.0
SysEvo from 1.7-rc21.7-rc2_acdc_clustered.rsf to 1.7-rc31.7-rc3_acdc_clustered.rsf: 100.0
SysEvo from 1.7-rc31.7-rc3_acdc_clustered.rsf to 1.8-rc11.8-rc1_acdc_clustered.rsf: 98.24355971896955
SysEvo from 1.8-rc11.8-rc1_acdc_clustered.rsf to 1.8-rc21.8-rc2_acdc_clustered.rsf: 100.0
SysEvo from 1.8-rc21.8-rc2_acdc_clustered.rsf to 1.9-rc11.9-rc1_acdc_clustered.rsf: 96.64772727272727
SysEvo from 1.9-rc11.9-rc1_acdc_clustered.rsf to 1.9-rc21.9-rc2_acdc_clustered.rsf: 100.0
SysEvo from 1.9-rc21.9-rc2_acdc_clustered.rsf to 1.10-rc11.10-rc1_acdc_clustered.rsf: 98.23008849557522
SysEvo from 1.10-rc11.10-rc1_acdc_clustered.rsf to 1.11.1_acdc_clustered.rsf: 85.42413381123059
SysEvo from 1.11.1_acdc_clustered.rsf to 1.21.2_acdc_clustered.rsf: 94.06451612903226
SysEvo from 1.21.2_acdc_clustered.rsf to 1.31.3_acdc_clustered.rsf: 98.17953546767106
SysEvo from 1.31.3_acdc_clustered.rsf to 1.41.4_acdc_clustered.rsf: 99.87593052109182
SysEvo from 1.41.4_acdc_clustered.rsf to 1.51.5_acdc_clustered.rsf: 99.44375772558715
SysEvo from 1.51.5_acdc_clustered.rsf to 1.61.6_acdc_clustered.rsf: 99.02020820575628
SysEvo from 1.61.6_acdc_clustered.rsf to 1.71.7_acdc_clustered.rsf: 97.8391356542617
SysEvo from 1.71.7_acdc_clustered.rsf to 1.81.8_acdc_clustered.rsf: 98.24355971896955
SysEvo from 1.81.8_acdc_clustered.rsf to 1.101.10_acdc_clustered.rsf: 94.87612612612612
DescriptiveStatistics:
n: 29
min: 85.27881040892194
max: 100.0
mean: 96.10700487321115
std dev: 4.6537282830964335
median: 98.17953546767106
skewness: -1.3972389071511464
kurtosis: 0.9294901709406083


