Comparison distance is: 1
SysEvo from 0.40.4_acdc_clustered.rsf to 0.50.5_acdc_clustered.rsf: 93.27036599763872
SysEvo from 0.50.5_acdc_clustered.rsf to 0.60.6_acdc_clustered.rsf: 95.51886792452831
SysEvo from 0.60.6_acdc_clustered.rsf to 0.70.7_acdc_clustered.rsf: 94.86581096849474
SysEvo from 0.70.7_acdc_clustered.rsf to 0.80.8_acdc_clustered.rsf: 85.3211009174312
SysEvo from 0.80.8_acdc_clustered.rsf to 0.90.9_acdc_clustered.rsf: 90.55459272097053
SysEvo from 0.90.9_acdc_clustered.rsf to 0.100.10_acdc_clustered.rsf: 85.27881040892194
SysEvo from 0.100.10_acdc_clustered.rsf to 1.01.0_acdc_clustered.rsf: 96.58002735978111
SysEvo from 1.01.0_acdc_clustered.rsf to tika-1.3tika-1.3_acdc_clustered.rsf: 89.44625407166123
SysEvo from tika-1.3tika-1.3_acdc_clustered.rsf to 1.10-rc11.10-rc1_acdc_clustered.rsf: 91.0891089108911
SysEvo from 1.10-rc11.10-rc1_acdc_clustered.rsf to 1.11.1_acdc_clustered.rsf: 85.42413381123059
SysEvo from 1.11.1_acdc_clustered.rsf to 1.21.2_acdc_clustered.rsf: 94.06451612903226
SysEvo from 1.21.2_acdc_clustered.rsf to 1.31.3_acdc_clustered.rsf: 98.17953546767106
SysEvo from 1.31.3_acdc_clustered.rsf to 1.41.4_acdc_clustered.rsf: 99.87593052109182
SysEvo from 1.41.4_acdc_clustered.rsf to 1.51.5_acdc_clustered.rsf: 99.44375772558715
SysEvo from 1.51.5_acdc_clustered.rsf to 1.61.6_acdc_clustered.rsf: 99.02020820575628
SysEvo from 1.61.6_acdc_clustered.rsf to 1.71.7_acdc_clustered.rsf: 97.8391356542617
SysEvo from 1.71.7_acdc_clustered.rsf to 1.81.8_acdc_clustered.rsf: 98.24355971896955
SysEvo from 1.81.8_acdc_clustered.rsf to 1.101.10_acdc_clustered.rsf: 94.87612612612612
DescriptiveStatistics:
n: 18
min: 85.27881040892194
max: 99.87593052109182
mean: 93.82732459111364
std dev: 4.94717992813482
median: 94.87096854731044
skewness: -0.6415349976061727
kurtosis: -0.7818031977462083


